<?xml version="1.0" encoding="UTF-8"?>
<!-- Generated by org.testng.reporters.JUnitXMLReporter -->
<testsuite ignored="0" hostname="Vishals-MacBook-Air.local" failures="1" tests="1" name="Test" time="6.661" errors="0" timestamp="2024-09-10T01:19:56 IST">
  <testcase classname="com.OpenCart.HomePage.TC_HomePage" name="HomePage" time="0.629">
    <failure type="java.lang.AssertionError" message="expected [true] but found [false]">
      <![CDATA[java.lang.AssertionError: expected [true] but found [false]
at com.OpenCart.HomePage.TC_HomePage.HomePage(TC_HomePage.java:33)
at java.base/java.util.ArrayList.forEach(ArrayList.java:1511)
... Removed 33 stack frames]]>
    </failure>
  </testcase> <!-- HomePage -->
</testsuite> <!-- Test -->
