<?xml version="1.0" encoding="UTF-8"?>
<!-- Generated by org.testng.reporters.JUnitXMLReporter -->
<testsuite ignored="0" hostname="Vishals-MacBook-Air.local" failures="1" tests="1" name="Test" time="20.479" errors="0" timestamp="2024-09-10T00:30:24 IST">
  <testcase classname="com.OpenCart.HomePage.TC_HomePage" name="HomePage" time="0.689">
    <failure type="java.lang.AssertionError" message="expected [false] but found [true]">
      <![CDATA[java.lang.AssertionError: expected [false] but found [true]
at com.OpenCart.HomePage.TC_HomePage.HomePage(TC_HomePage.java:27)
at java.base/java.util.ArrayList.forEach(ArrayList.java:1511)
... Removed 31 stack frames]]>
    </failure>
  </testcase> <!-- HomePage -->
</testsuite> <!-- Test -->
