<?xml version="1.0" encoding="UTF-8"?>
<testng-results ignored="0" total="1" passed="0" failed="1" skipped="0">
  <reporter-output>
  </reporter-output>
  <suite started-at="2024-09-15T01:56:30 IST" name="Master Suite" finished-at="2024-09-15T01:56:41 IST" duration-ms="10829">
    <groups>
      <group name="Master">
        <method signature="TC_Footer.footer()[pri:0, instance:com.OpenCart.Footer.TC_Footer@503ecb24]" name="footer" class="com.OpenCart.Footer.TC_Footer"/>
      </group> <!-- Master -->
      <group name="Regression">
        <method signature="TC_Footer.footer()[pri:0, instance:com.OpenCart.Footer.TC_Footer@503ecb24]" name="footer" class="com.OpenCart.Footer.TC_Footer"/>
      </group> <!-- Regression -->
    </groups>
    <test started-at="2024-09-15T01:56:30 IST" name="Test" finished-at="2024-09-15T01:56:41 IST" duration-ms="10829">
      <class name="com.OpenCart.Footer.TC_Footer">
        <test-method is-config="true" signature="setup(java.lang.String,java.lang.String)[pri:0, instance:com.OpenCart.Footer.TC_Footer@503ecb24]" started-at="2024-09-15T01:56:30 IST" name="setup" finished-at="2024-09-15T01:56:38 IST" duration-ms="7204" status="PASS">
          <params>
            <param index="0">
              <value>
                <![CDATA[windows]]>
              </value>
            </param>
            <param index="1">
              <value>
                <![CDATA[chrome]]>
              </value>
            </param>
          </params>
          <reporter-output>
          </reporter-output>
        </test-method> <!-- setup -->
        <test-method signature="footer()[pri:0, instance:com.OpenCart.Footer.TC_Footer@503ecb24]" started-at="2024-09-15T01:56:38 IST" name="footer" finished-at="2024-09-15T01:56:41 IST" duration-ms="3308" status="FAIL">
          <exception class="java.lang.AssertionError">
            <message>
              <![CDATA[null]]>
            </message>
            <full-stacktrace>
              <![CDATA[java.lang.AssertionError: null
at org.testng.Assert.fail(Assert.java:111)
at org.testng.Assert.fail(Assert.java:116)
at com.OpenCart.Footer.TC_Footer.footer(TC_Footer.java:106)
at java.base/jdk.internal.reflect.DirectMethodHandleAccessor.invoke(DirectMethodHandleAccessor.java:104)
at java.base/java.lang.reflect.Method.invoke(Method.java:577)
at org.testng.internal.invokers.MethodInvocationHelper.invokeMethod(MethodInvocationHelper.java:141)
at org.testng.internal.invokers.TestInvoker.invokeMethod(TestInvoker.java:686)
at org.testng.internal.invokers.TestInvoker.invokeTestMethod(TestInvoker.java:230)
at org.testng.internal.invokers.MethodRunner.runInSequence(MethodRunner.java:63)
at org.testng.internal.invokers.TestInvoker$MethodInvocationAgent.invoke(TestInvoker.java:992)
at org.testng.internal.invokers.TestInvoker.invokeTestMethods(TestInvoker.java:203)
at org.testng.internal.invokers.TestMethodWorker.invokeTestMethods(TestMethodWorker.java:154)
at org.testng.internal.invokers.TestMethodWorker.run(TestMethodWorker.java:134)
at java.base/java.util.ArrayList.forEach(ArrayList.java:1511)
at org.testng.TestRunner.privateRun(TestRunner.java:739)
at org.testng.TestRunner.run(TestRunner.java:614)
at org.testng.SuiteRunner.runTest(SuiteRunner.java:421)
at org.testng.SuiteRunner.runSequentially(SuiteRunner.java:413)
at org.testng.SuiteRunner.privateRun(SuiteRunner.java:373)
at org.testng.SuiteRunner.run(SuiteRunner.java:312)
at org.testng.SuiteRunnerWorker.runSuite(SuiteRunnerWorker.java:52)
at org.testng.SuiteRunnerWorker.run(SuiteRunnerWorker.java:95)
at org.testng.TestNG.runSuitesSequentially(TestNG.java:1274)
at org.testng.TestNG.runSuitesLocally(TestNG.java:1208)
at org.testng.TestNG.runSuites(TestNG.java:1112)
at org.testng.TestNG.run(TestNG.java:1079)
at org.apache.maven.surefire.testng.TestNGExecutor.run(TestNGExecutor.java:308)
at org.apache.maven.surefire.testng.TestNGXmlTestSuite.execute(TestNGXmlTestSuite.java:71)
at org.apache.maven.surefire.testng.TestNGProvider.invoke(TestNGProvider.java:113)
at org.apache.maven.surefire.booter.ForkedBooter.runSuitesInProcess(ForkedBooter.java:385)
at org.apache.maven.surefire.booter.ForkedBooter.execute(ForkedBooter.java:162)
at org.apache.maven.surefire.booter.ForkedBooter.run(ForkedBooter.java:507)
at org.apache.maven.surefire.booter.ForkedBooter.main(ForkedBooter.java:495)
]]>
            </full-stacktrace>
          </exception> <!-- java.lang.AssertionError -->
          <reporter-output>
          </reporter-output>
        </test-method> <!-- footer -->
        <test-method is-config="true" signature="tearDown()[pri:0, instance:com.OpenCart.Footer.TC_Footer@503ecb24]" started-at="2024-09-15T01:56:41 IST" name="tearDown" finished-at="2024-09-15T01:56:41 IST" duration-ms="164" status="PASS">
          <reporter-output>
          </reporter-output>
        </test-method> <!-- tearDown -->
      </class> <!-- com.OpenCart.Footer.TC_Footer -->
    </test> <!-- Test -->
  </suite> <!-- Master Suite -->
</testng-results>
